
circ15/seed2: 20/20 arrived  min_dist=0.284

rect15/seed1: 10/20 arrived  min_dist=0.234
  r0 GOAL: obs=0.822  mgrsteps=0  cooldown=0  nb_close=[]
  r1 GOAL: obs=0.016  mgrsteps=0  cooldown=0  nb_close=[(0.44, 3, 'GOAL')]
  r2 GOAL: obs=0.156  mgrsteps=0  cooldown=0  nb_close=[]
  r3 GOAL: obs=0.255  mgrsteps=0  cooldown=0  nb_close=[(0.44, 1, 'GOAL')]
  r6 GOAL: obs=0.009  mgrsteps=0  cooldown=0  nb_close=[]
  r8 GOAL: obs=0.022  mgrsteps=0  cooldown=0  nb_close=[]
  r9 GOAL: obs=0.584  mgrsteps=0  cooldown=0  nb_close=[(0.44, 14, 'GOAL')]
  r10 GOAL: obs=0.079  mgrsteps=0  cooldown=0  nb_close=[]
  r14 GOAL: obs=0.221  mgrsteps=0  cooldown=0  nb_close=[(0.44, 9, 'GOAL')]
  r19 GOAL: obs=0.023  mgrsteps=0  cooldown=0  nb_close=[]

rect15/seed0: 4/20 arrived  min_dist=0.107
  r1 GOAL: obs=0.027  mgrsteps=0  cooldown=0  nb_close=[(0.877, 3, 'GOAL'), (0.44, 9, 'GOAL')]
  r2 GOAL: obs=0.525  mgrsteps=0  cooldown=0  nb_close=[(0.675, 8, 'GOAL'), (0.418, 12, 'MGR'), (0.454, 14, 'GOAL')]
  r3 GOAL: obs=0.280  mgrsteps=0  cooldown=0  nb_close=[(0.877, 1, 'GOAL'), (0.44, 9, 'GOAL')]
  r5 GOAL: obs=0.033  mgrsteps=0  cooldown=0  nb_close=[]
  r6 GOAL: obs=0.207  mgrsteps=0  cooldown=0  nb_close=[]
  r7 GOAL: obs=0.058  mgrsteps=0  cooldown=0  nb_close=[(0.44, 10, 'GOAL'), (0.832, 18, 'GOAL')]
  r8 GOAL: obs=0.021  mgrsteps=0  cooldown=0  nb_close=[(0.675, 2, 'GOAL'), (0.279, 12, 'MGR'), (0.304, 14, 'GOAL'), (0.44, 19, 'GOAL')]
  r9 GOAL: obs=0.028  mgrsteps=0  cooldown=0  nb_close=[(0.44, 1, 'GOAL'), (0.44, 3, 'GOAL')]
  r10 GOAL: obs=0.015  mgrsteps=0  cooldown=0  nb_close=[(0.44, 7, 'GOAL'), (0.44, 18, 'GOAL')]
  r11 GOAL: obs=0.010  mgrsteps=0  cooldown=0  nb_close=[]
  r12 MGR: obs=0.163  mgrsteps=39  cooldown=41  nb_close=[(0.418, 2, 'GOAL'), (0.279, 8, 'GOAL'), (0.252, 14, 'GOAL'), (0.702, 19, 'GOAL')]
  r14 GOAL: obs=0.322  mgrsteps=0  cooldown=0  nb_close=[(0.454, 2, 'GOAL'), (0.304, 8, 'GOAL'), (0.252, 12, 'MGR'), (0.589, 19, 'GOAL')]
  r15 GOAL: obs=0.172  mgrsteps=0  cooldown=0  nb_close=[]
  r17 GOAL: obs=0.250  mgrsteps=0  cooldown=0  nb_close=[]
  r18 GOAL: obs=0.382  mgrsteps=0  cooldown=0  nb_close=[(0.832, 7, 'GOAL'), (0.44, 10, 'GOAL')]
  r19 GOAL: obs=0.053  mgrsteps=0  cooldown=0  nb_close=[(0.44, 8, 'GOAL'), (0.702, 12, 'MGR'), (0.589, 14, 'GOAL')]

rect15/seed2: 3/20 arrived  min_dist=0.072
  r1 MGR: obs=0.015  mgrsteps=7  cooldown=73  nb_close=[(0.44, 19, 'GOAL')]
  r2 GOAL: obs=0.023  mgrsteps=0  cooldown=0  nb_close=[]
  r3 MGR: obs=0.083  mgrsteps=25  cooldown=55  nb_close=[(0.687, 10, 'MGR'), (0.44, 11, 'MGR'), (0.406, 13, 'GOAL')]
  r4 MGR: obs=0.135  mgrsteps=14  cooldown=66  nb_close=[(0.44, 12, 'GOAL'), (0.148, 16, 'GOAL'), (0.66, 17, 'GOAL')]
  r5 GOAL: obs=0.033  mgrsteps=0  cooldown=0  nb_close=[]
  r6 MGR: obs=0.046  mgrsteps=39  cooldown=0  nb_close=[]
  r7 GOAL: obs=0.338  mgrsteps=0  cooldown=0  nb_close=[]
  r10 MGR: obs=0.306  mgrsteps=164  cooldown=0  nb_close=[(0.687, 3, 'MGR'), (0.296, 11, 'MGR')]
  r11 MGR: obs=0.071  mgrsteps=164  cooldown=0  nb_close=[(0.44, 3, 'MGR'), (0.296, 10, 'MGR'), (0.834, 13, 'GOAL')]
  r12 GOAL: obs=0.392  mgrsteps=0  cooldown=0  nb_close=[(0.44, 4, 'MGR'), (0.562, 16, 'GOAL'), (0.44, 17, 'GOAL'), (0.826, 18, 'GOAL')]
  r13 GOAL: obs=0.409  mgrsteps=0  cooldown=0  nb_close=[(0.406, 3, 'MGR'), (0.834, 11, 'MGR')]
  r14 MGR: obs=0.054  mgrsteps=314  cooldown=0  nb_close=[]
  r15 MGR: obs=0.162  mgrsteps=314  cooldown=0  nb_close=[]
  r16 GOAL: obs=0.186  mgrsteps=0  cooldown=0  nb_close=[(0.148, 4, 'MGR'), (0.562, 12, 'GOAL'), (0.699, 17, 'GOAL')]
  r17 GOAL: obs=0.040  mgrsteps=0  cooldown=0  nb_close=[(0.66, 4, 'MGR'), (0.44, 12, 'GOAL'), (0.699, 16, 'GOAL'), (0.44, 18, 'GOAL')]
  r18 GOAL: obs=0.066  mgrsteps=0  cooldown=0  nb_close=[(0.826, 12, 'GOAL'), (0.44, 17, 'GOAL')]
  r19 GOAL: obs=0.328  mgrsteps=0  cooldown=0  nb_close=[(0.44, 1, 'MGR')]
